2021-03-13 05:33:19,683 django.utils.autoreload INFO     Watching for file changes with StatReloader
2021-03-13 05:33:47,777 django.utils.autoreload INFO     /Users/evgeniyshamanin/PycharmProjects/pythonProject/todo_notes/todo_notes/settings.py changed, reloading.
2021-03-13 05:33:47,778 asyncio      DEBUG    Using selector: KqueueSelector
2021-03-13 05:36:33,881 django.utils.autoreload INFO     Watching for file changes with StatReloader
2021-03-13 05:38:03,679 django.utils.autoreload INFO     /Users/evgeniyshamanin/PycharmProjects/pythonProject/todo_notes/todo_notes/settings.py changed, reloading.
2021-03-13 05:38:03,679 asyncio      DEBUG    Using selector: KqueueSelector
2021-03-13 05:38:04,380 django.utils.autoreload INFO     Watching for file changes with StatReloader
2021-03-13 05:40:40,131 django.utils.autoreload INFO     /Users/evgeniyshamanin/PycharmProjects/pythonProject/todo_notes/todo_notes/settings.py changed, reloading.
2021-03-13 05:40:40,132 asyncio      DEBUG    Using selector: KqueueSelector
2021-03-13 05:40:40,748 django.utils.autoreload INFO     Watching for file changes with StatReloader
2021-03-13 07:02:46,408 django.utils.autoreload INFO     /Users/evgeniyshamanin/PycharmProjects/pythonProject/todo_notes/todo_notes/settings.py changed, reloading.
2021-03-13 07:02:46,414 asyncio      DEBUG    Using selector: KqueueSelector
2021-03-13 18:32:29,848 django.utils.autoreload INFO     Watching for file changes with StatReloader
2021-03-13 18:32:29,931 info_logger  INFO     sometest todo <module 'rest_framework.request' from '/Users/evgeniyshamanin/PycharmProjects/pythonProject/venv/lib/python3.9/site-packages/rest_framework/request.py'>
2021-03-13 18:33:05,726 MARKDOWN     DEBUG    Successfully imported extension module "markdown.extensions.toc".
2021-03-13 18:33:05,726 MARKDOWN     DEBUG    Successfully loaded extension "markdown.extensions.toc.TocExtension".
2021-03-13 18:33:07,999 MARKDOWN     DEBUG    Successfully imported extension module "markdown.extensions.toc".
2021-03-13 18:33:08,000 MARKDOWN     DEBUG    Successfully loaded extension "markdown.extensions.toc.TocExtension".
2021-03-13 18:39:08,565 django.utils.autoreload INFO     /Users/evgeniyshamanin/PycharmProjects/pythonProject/todo_notes/todo_notes/settings.py changed, reloading.
2021-03-13 18:39:08,566 asyncio      DEBUG    Using selector: KqueueSelector
2021-03-13 18:39:09,003 django.utils.autoreload INFO     Watching for file changes with StatReloader
2021-03-13 18:39:09,090 info_logger  INFO     sometest todo <module 'rest_framework.request' from '/Users/evgeniyshamanin/PycharmProjects/pythonProject/venv/lib/python3.9/site-packages/rest_framework/request.py'>
2021-03-13 18:39:18,609 MARKDOWN     DEBUG    Successfully imported extension module "markdown.extensions.toc".
2021-03-13 18:39:18,610 MARKDOWN     DEBUG    Successfully loaded extension "markdown.extensions.toc.TocExtension".
2021-03-13 18:39:18,629 django.server INFO     "GET /custom/ HTTP/1.1" 200 6159
2021-03-13 18:39:18,709 django.server WARNING  "GET /static/rest_framework/css/bootstrap.min.css.map HTTP/1.1" 404 1746
2021-03-13 18:39:20,745 MARKDOWN     DEBUG    Successfully imported extension module "markdown.extensions.toc".
2021-03-13 18:39:20,745 MARKDOWN     DEBUG    Successfully loaded extension "markdown.extensions.toc.TocExtension".
2021-03-13 18:39:20,759 django.server INFO     "GET /custom/base/ HTTP/1.1" 200 6552
2021-03-13 18:39:20,850 django.server WARNING  "GET /static/rest_framework/css/bootstrap.min.css.map HTTP/1.1" 404 1746
2021-03-13 18:39:38,704 django.request WARNING  Not Found: /custom/base/retreive/7fe1746d-576d-44ba-a87a-5347816465f1/
2021-03-13 18:39:38,705 django.server WARNING  "GET /custom/base/retreive/7fe1746d-576d-44ba-a87a-5347816465f1/ HTTP/1.1" 404 7616
2021-03-13 18:39:55,115 MARKDOWN     DEBUG    Successfully imported extension module "markdown.extensions.toc".
2021-03-13 18:39:55,115 MARKDOWN     DEBUG    Successfully loaded extension "markdown.extensions.toc.TocExtension".
2021-03-13 18:39:55,139 django.server INFO     "GET /custom/base/7fe1746d-576d-44ba-a87a-5347816465f1/ HTTP/1.1" 200 8026
2021-03-13 18:39:55,229 django.server WARNING  "GET /static/rest_framework/css/bootstrap.min.css.map HTTP/1.1" 404 1746
2021-03-13 18:40:02,679 MARKDOWN     DEBUG    Successfully imported extension module "markdown.extensions.toc".
2021-03-13 18:40:02,679 MARKDOWN     DEBUG    Successfully loaded extension "markdown.extensions.toc.TocExtension".
2021-03-13 18:40:02,700 django.server INFO     "PUT /custom/base/7fe1746d-576d-44ba-a87a-5347816465f1/ HTTP/1.1" 200 7731
2021-03-13 18:40:02,767 django.server WARNING  "GET /static/rest_framework/css/bootstrap.min.css.map HTTP/1.1" 404 1746
2021-03-13 18:40:05,985 MARKDOWN     DEBUG    Successfully imported extension module "markdown.extensions.toc".
2021-03-13 18:40:05,985 MARKDOWN     DEBUG    Successfully loaded extension "markdown.extensions.toc.TocExtension".
2021-03-13 18:40:05,998 django.server INFO     "GET /custom/base/ HTTP/1.1" 200 6552
2021-03-13 18:40:06,091 django.server WARNING  "GET /static/rest_framework/css/bootstrap.min.css.map HTTP/1.1" 404 1746
2021-03-13 18:43:15,850 django.utils.autoreload INFO     /Users/evgeniyshamanin/PycharmProjects/pythonProject/todo_notes/main/views.py changed, reloading.
2021-03-13 18:43:15,851 asyncio      DEBUG    Using selector: KqueueSelector
2021-03-13 18:43:16,472 django.utils.autoreload INFO     Watching for file changes with StatReloader
2021-03-13 18:44:55,626 django.utils.autoreload INFO     /Users/evgeniyshamanin/PycharmProjects/pythonProject/todo_notes/todo_notes/settings.py changed, reloading.
2021-03-13 18:44:55,627 asyncio      DEBUG    Using selector: KqueueSelector
2021-03-13 18:44:56,143 django.utils.autoreload INFO     Watching for file changes with StatReloader
2021-03-13 18:46:12,652 MARKDOWN     DEBUG    Successfully imported extension module "markdown.extensions.toc".
2021-03-13 18:46:12,652 MARKDOWN     DEBUG    Successfully loaded extension "markdown.extensions.toc.TocExtension".
2021-03-13 18:46:12,677 django.server INFO     "GET /custom/ HTTP/1.1" 200 6159
2021-03-13 18:46:12,780 django.server WARNING  "GET /static/rest_framework/css/bootstrap.min.css.map HTTP/1.1" 404 1746
2021-03-13 18:46:22,937 MARKDOWN     DEBUG    Successfully imported extension module "markdown.extensions.toc".
2021-03-13 18:46:22,938 MARKDOWN     DEBUG    Successfully loaded extension "markdown.extensions.toc.TocExtension".
2021-03-13 18:46:22,993 django.server INFO     "GET /viewsets/todo/ HTTP/1.1" 200 20758
2021-03-13 18:46:23,093 django.server WARNING  "GET /static/rest_framework/css/bootstrap.min.css.map HTTP/1.1" 404 1746
2021-03-13 18:47:13,809 MARKDOWN     DEBUG    Successfully imported extension module "markdown.extensions.toc".
2021-03-13 18:47:13,809 MARKDOWN     DEBUG    Successfully loaded extension "markdown.extensions.toc.TocExtension".
2021-03-13 18:47:13,839 django.server INFO     "POST /viewsets/todo/ HTTP/1.1" 201 12103
2021-03-13 18:47:13,931 django.server WARNING  "GET /static/rest_framework/css/bootstrap.min.css.map HTTP/1.1" 404 1746
2021-03-13 19:01:12,258 django.utils.autoreload INFO     /Users/evgeniyshamanin/PycharmProjects/pythonProject/todo_notes/main/views.py changed, reloading.
2021-03-13 19:01:12,265 asyncio      DEBUG    Using selector: KqueueSelector
2021-03-13 19:01:13,125 django.utils.autoreload INFO     Watching for file changes with StatReloader
2021-03-13 19:01:32,232 django.utils.autoreload INFO     /Users/evgeniyshamanin/PycharmProjects/pythonProject/todo_notes/main/views.py changed, reloading.
2021-03-13 19:01:32,238 asyncio      DEBUG    Using selector: KqueueSelector
2021-03-13 19:01:32,793 django.utils.autoreload INFO     Watching for file changes with StatReloader
2021-03-13 19:01:41,340 django.utils.autoreload INFO     /Users/evgeniyshamanin/PycharmProjects/pythonProject/todo_notes/main/views.py changed, reloading.
2021-03-13 19:01:41,341 asyncio      DEBUG    Using selector: KqueueSelector
2021-03-13 19:01:41,884 django.utils.autoreload INFO     Watching for file changes with StatReloader
2021-03-13 19:02:12,188 django.utils.autoreload INFO     /Users/evgeniyshamanin/PycharmProjects/pythonProject/todo_notes/main/views.py changed, reloading.
2021-03-13 19:02:12,189 asyncio      DEBUG    Using selector: KqueueSelector
2021-03-13 19:02:12,618 django.utils.autoreload INFO     Watching for file changes with StatReloader
2021-03-13 19:02:17,245 asyncio      DEBUG    Using selector: KqueueSelector
2021-03-13 19:02:20,183 django.utils.autoreload INFO     Watching for file changes with StatReloader
2021-03-13 19:02:56,280 MARKDOWN     DEBUG    Successfully imported extension module "markdown.extensions.toc".
2021-03-13 19:02:56,281 MARKDOWN     DEBUG    Successfully loaded extension "markdown.extensions.toc.TocExtension".
2021-03-13 19:02:56,358 django.server INFO     "GET /viewsets/todo/15/ HTTP/1.1" 200 13627
2021-03-13 19:02:56,451 django.server WARNING  "GET /static/rest_framework/css/bootstrap.min.css.map HTTP/1.1" 404 1746
2021-03-13 19:03:02,915 django.request ERROR    Internal Server Error: /viewsets/todo/15/
Traceback (most recent call last):
  File "/Users/evgeniyshamanin/PycharmProjects/pythonProject/venv/lib/python3.9/site-packages/django/core/handlers/exception.py", line 47, in inner
    response = get_response(request)
  File "/Users/evgeniyshamanin/PycharmProjects/pythonProject/venv/lib/python3.9/site-packages/django/core/handlers/base.py", line 181, in _get_response
    response = wrapped_callback(request, *callback_args, **callback_kwargs)
  File "/Users/evgeniyshamanin/PycharmProjects/pythonProject/venv/lib/python3.9/site-packages/django/views/decorators/csrf.py", line 54, in wrapped_view
    return view_func(*args, **kwargs)
  File "/Users/evgeniyshamanin/PycharmProjects/pythonProject/venv/lib/python3.9/site-packages/rest_framework/viewsets.py", line 125, in view
    return self.dispatch(request, *args, **kwargs)
  File "/Users/evgeniyshamanin/PycharmProjects/pythonProject/venv/lib/python3.9/site-packages/rest_framework/views.py", line 509, in dispatch
    response = self.handle_exception(exc)
  File "/Users/evgeniyshamanin/PycharmProjects/pythonProject/venv/lib/python3.9/site-packages/rest_framework/views.py", line 469, in handle_exception
    self.raise_uncaught_exception(exc)
  File "/Users/evgeniyshamanin/PycharmProjects/pythonProject/venv/lib/python3.9/site-packages/rest_framework/views.py", line 480, in raise_uncaught_exception
    raise exc
  File "/Users/evgeniyshamanin/PycharmProjects/pythonProject/venv/lib/python3.9/site-packages/rest_framework/views.py", line 506, in dispatch
    response = handler(request, *args, **kwargs)
  File "/Users/evgeniyshamanin/PycharmProjects/pythonProject/todo_notes/main/views.py", line 72, in destroy
    todo = self.get_object().todo
AttributeError: 'Todo' object has no attribute 'todo'
2021-03-13 19:03:02,917 django.server ERROR    "DELETE /viewsets/todo/15/ HTTP/1.1" 500 92908
2021-03-13 19:03:35,750 django.utils.autoreload INFO     /Users/evgeniyshamanin/PycharmProjects/pythonProject/todo_notes/main/views.py changed, reloading.
2021-03-13 19:03:35,751 asyncio      DEBUG    Using selector: KqueueSelector
2021-03-13 19:03:37,009 django.utils.autoreload INFO     Watching for file changes with StatReloader
2021-03-13 19:03:40,593 django.server WARNING  "GET /static/rest_framework/css/bootstrap.min.css.map HTTP/1.1" 404 1746
2021-03-13 19:03:47,748 MARKDOWN     DEBUG    Successfully imported extension module "markdown.extensions.toc".
2021-03-13 19:03:47,749 MARKDOWN     DEBUG    Successfully loaded extension "markdown.extensions.toc.TocExtension".
2021-03-13 19:03:47,830 django.server INFO     "GET /viewsets/todo/15/ HTTP/1.1" 200 13627
2021-03-13 19:03:47,902 django.server WARNING  "GET /static/rest_framework/css/bootstrap.min.css.map HTTP/1.1" 404 1746
2021-03-13 19:04:21,496 django.request ERROR    Internal Server Error: /viewsets/todo/15/
Traceback (most recent call last):
  File "/Users/evgeniyshamanin/PycharmProjects/pythonProject/venv/lib/python3.9/site-packages/django/core/handlers/exception.py", line 47, in inner
    response = get_response(request)
  File "/Users/evgeniyshamanin/PycharmProjects/pythonProject/venv/lib/python3.9/site-packages/django/core/handlers/base.py", line 181, in _get_response
    response = wrapped_callback(request, *callback_args, **callback_kwargs)
  File "/Users/evgeniyshamanin/PycharmProjects/pythonProject/venv/lib/python3.9/site-packages/django/views/decorators/csrf.py", line 54, in wrapped_view
    return view_func(*args, **kwargs)
  File "/Users/evgeniyshamanin/PycharmProjects/pythonProject/venv/lib/python3.9/site-packages/rest_framework/viewsets.py", line 125, in view
    return self.dispatch(request, *args, **kwargs)
  File "/Users/evgeniyshamanin/PycharmProjects/pythonProject/venv/lib/python3.9/site-packages/rest_framework/views.py", line 509, in dispatch
    response = self.handle_exception(exc)
  File "/Users/evgeniyshamanin/PycharmProjects/pythonProject/venv/lib/python3.9/site-packages/rest_framework/views.py", line 469, in handle_exception
    self.raise_uncaught_exception(exc)
  File "/Users/evgeniyshamanin/PycharmProjects/pythonProject/venv/lib/python3.9/site-packages/rest_framework/views.py", line 480, in raise_uncaught_exception
    raise exc
  File "/Users/evgeniyshamanin/PycharmProjects/pythonProject/venv/lib/python3.9/site-packages/rest_framework/views.py", line 506, in dispatch
    response = handler(request, *args, **kwargs)
  File "/Users/evgeniyshamanin/PycharmProjects/pythonProject/todo_notes/main/views.py", line 75, in destroy
    return Response(TodoModelSerializer(self.get_object()).data)
  File "/Users/evgeniyshamanin/PycharmProjects/pythonProject/venv/lib/python3.9/site-packages/rest_framework/serializers.py", line 548, in data
    ret = super().data
  File "/Users/evgeniyshamanin/PycharmProjects/pythonProject/venv/lib/python3.9/site-packages/rest_framework/serializers.py", line 246, in data
    self._data = self.to_representation(self.instance)
  File "/Users/evgeniyshamanin/PycharmProjects/pythonProject/venv/lib/python3.9/site-packages/rest_framework/serializers.py", line 515, in to_representation
    ret[field.field_name] = field.to_representation(attribute)
  File "/Users/evgeniyshamanin/PycharmProjects/pythonProject/venv/lib/python3.9/site-packages/rest_framework/relations.py", line 376, in to_representation
    assert 'request' in self.context, (
AssertionError: `HyperlinkedIdentityField` requires the request in the serializer context. Add `context={'request': request}` when instantiating the serializer.
2021-03-13 19:04:21,498 django.server ERROR    "DELETE /viewsets/todo/15/ HTTP/1.1" 500 111107
2021-03-13 19:06:37,652 django.utils.autoreload INFO     /Users/evgeniyshamanin/PycharmProjects/pythonProject/todo_notes/main/views.py changed, reloading.
2021-03-13 19:06:37,654 asyncio      DEBUG    Using selector: KqueueSelector
2021-03-13 19:06:38,880 django.utils.autoreload INFO     Watching for file changes with StatReloader
2021-03-13 19:06:49,958 django.server WARNING  "GET /static/rest_framework/css/bootstrap.min.css.map HTTP/1.1" 404 1746
2021-03-13 19:06:52,879 MARKDOWN     DEBUG    Successfully imported extension module "markdown.extensions.toc".
2021-03-13 19:06:52,879 MARKDOWN     DEBUG    Successfully loaded extension "markdown.extensions.toc.TocExtension".
2021-03-13 19:06:52,983 django.server INFO     "GET /viewsets/todo/ HTTP/1.1" 200 21576
2021-03-13 19:06:53,089 django.server WARNING  "GET /static/rest_framework/css/bootstrap.min.css.map HTTP/1.1" 404 1746
2021-03-13 19:06:59,185 MARKDOWN     DEBUG    Successfully imported extension module "markdown.extensions.toc".
2021-03-13 19:06:59,186 MARKDOWN     DEBUG    Successfully loaded extension "markdown.extensions.toc.TocExtension".
2021-03-13 19:06:59,251 django.server INFO     "GET /viewsets/todo/15/ HTTP/1.1" 200 13622
2021-03-13 19:06:59,352 django.server WARNING  "GET /static/rest_framework/css/bootstrap.min.css.map HTTP/1.1" 404 1746
2021-03-13 19:07:09,452 MARKDOWN     DEBUG    Successfully imported extension module "markdown.extensions.toc".
2021-03-13 19:07:09,453 MARKDOWN     DEBUG    Successfully loaded extension "markdown.extensions.toc.TocExtension".
2021-03-13 19:07:09,536 django.server INFO     "GET /viewsets/todo/ HTTP/1.1" 200 21576
2021-03-13 19:07:09,630 django.server WARNING  "GET /static/rest_framework/css/bootstrap.min.css.map HTTP/1.1" 404 1746
2021-03-13 19:07:17,345 MARKDOWN     DEBUG    Successfully imported extension module "markdown.extensions.toc".
2021-03-13 19:07:17,346 MARKDOWN     DEBUG    Successfully loaded extension "markdown.extensions.toc.TocExtension".
2021-03-13 19:07:17,410 django.server INFO     "GET /viewsets/todo/5/ HTTP/1.1" 200 13695
2021-03-13 19:07:17,484 django.server WARNING  "GET /static/rest_framework/css/bootstrap.min.css.map HTTP/1.1" 404 1746
2021-03-13 19:07:30,805 django.request ERROR    Internal Server Error: /viewsets/todo/5/
Traceback (most recent call last):
  File "/Users/evgeniyshamanin/PycharmProjects/pythonProject/venv/lib/python3.9/site-packages/django/core/handlers/exception.py", line 47, in inner
    response = get_response(request)
  File "/Users/evgeniyshamanin/PycharmProjects/pythonProject/venv/lib/python3.9/site-packages/django/core/handlers/base.py", line 181, in _get_response
    response = wrapped_callback(request, *callback_args, **callback_kwargs)
  File "/Users/evgeniyshamanin/PycharmProjects/pythonProject/venv/lib/python3.9/site-packages/django/views/decorators/csrf.py", line 54, in wrapped_view
    return view_func(*args, **kwargs)
  File "/Users/evgeniyshamanin/PycharmProjects/pythonProject/venv/lib/python3.9/site-packages/rest_framework/viewsets.py", line 125, in view
    return self.dispatch(request, *args, **kwargs)
  File "/Users/evgeniyshamanin/PycharmProjects/pythonProject/venv/lib/python3.9/site-packages/rest_framework/views.py", line 509, in dispatch
    response = self.handle_exception(exc)
  File "/Users/evgeniyshamanin/PycharmProjects/pythonProject/venv/lib/python3.9/site-packages/rest_framework/views.py", line 469, in handle_exception
    self.raise_uncaught_exception(exc)
  File "/Users/evgeniyshamanin/PycharmProjects/pythonProject/venv/lib/python3.9/site-packages/rest_framework/views.py", line 480, in raise_uncaught_exception
    raise exc
  File "/Users/evgeniyshamanin/PycharmProjects/pythonProject/venv/lib/python3.9/site-packages/rest_framework/views.py", line 506, in dispatch
    response = handler(request, *args, **kwargs)
  File "/Users/evgeniyshamanin/PycharmProjects/pythonProject/todo_notes/main/views.py", line 78, in destroy
    return Response(TodoModelSerializer(self.get_object()).data, context={'request': request})
  File "/Users/evgeniyshamanin/PycharmProjects/pythonProject/venv/lib/python3.9/site-packages/rest_framework/serializers.py", line 548, in data
    ret = super().data
  File "/Users/evgeniyshamanin/PycharmProjects/pythonProject/venv/lib/python3.9/site-packages/rest_framework/serializers.py", line 246, in data
    self._data = self.to_representation(self.instance)
  File "/Users/evgeniyshamanin/PycharmProjects/pythonProject/venv/lib/python3.9/site-packages/rest_framework/serializers.py", line 515, in to_representation
    ret[field.field_name] = field.to_representation(attribute)
  File "/Users/evgeniyshamanin/PycharmProjects/pythonProject/venv/lib/python3.9/site-packages/rest_framework/relations.py", line 376, in to_representation
    assert 'request' in self.context, (
AssertionError: `HyperlinkedIdentityField` requires the request in the serializer context. Add `context={'request': request}` when instantiating the serializer.
2021-03-13 19:07:30,808 django.server ERROR    "DELETE /viewsets/todo/5/ HTTP/1.1" 500 111249
2021-03-13 19:10:13,330 django.utils.autoreload INFO     /Users/evgeniyshamanin/PycharmProjects/pythonProject/todo_notes/main/views.py changed, reloading.
2021-03-13 19:10:13,331 asyncio      DEBUG    Using selector: KqueueSelector
2021-03-13 19:10:14,639 django.utils.autoreload INFO     Watching for file changes with StatReloader
2021-03-13 19:11:17,599 django.utils.autoreload INFO     /Users/evgeniyshamanin/PycharmProjects/pythonProject/todo_notes/main/views.py changed, reloading.
2021-03-13 19:11:17,600 asyncio      DEBUG    Using selector: KqueueSelector
2021-03-13 19:11:18,634 django.utils.autoreload INFO     Watching for file changes with StatReloader
2021-03-13 19:11:29,513 django.server WARNING  "GET /static/rest_framework/css/bootstrap.min.css.map HTTP/1.1" 404 1746
2021-03-13 19:11:34,540 MARKDOWN     DEBUG    Successfully imported extension module "markdown.extensions.toc".
2021-03-13 19:11:34,540 MARKDOWN     DEBUG    Successfully loaded extension "markdown.extensions.toc.TocExtension".
2021-03-13 19:11:34,647 django.server INFO     "GET /viewsets/todo/ HTTP/1.1" 200 21577
2021-03-13 19:11:34,767 django.server WARNING  "GET /static/rest_framework/css/bootstrap.min.css.map HTTP/1.1" 404 1746
2021-03-13 19:11:44,751 MARKDOWN     DEBUG    Successfully imported extension module "markdown.extensions.toc".
2021-03-13 19:11:44,751 MARKDOWN     DEBUG    Successfully loaded extension "markdown.extensions.toc.TocExtension".
2021-03-13 19:11:44,821 django.server INFO     "GET /viewsets/todo/4/ HTTP/1.1" 200 13728
2021-03-13 19:11:44,933 django.server WARNING  "GET /static/rest_framework/css/bootstrap.min.css.map HTTP/1.1" 404 1746
2021-03-13 19:11:54,397 django.request ERROR    Internal Server Error: /viewsets/todo/4/
Traceback (most recent call last):
  File "/Users/evgeniyshamanin/PycharmProjects/pythonProject/venv/lib/python3.9/site-packages/django/core/handlers/exception.py", line 47, in inner
    response = get_response(request)
  File "/Users/evgeniyshamanin/PycharmProjects/pythonProject/venv/lib/python3.9/site-packages/django/core/handlers/base.py", line 181, in _get_response
    response = wrapped_callback(request, *callback_args, **callback_kwargs)
  File "/Users/evgeniyshamanin/PycharmProjects/pythonProject/venv/lib/python3.9/site-packages/django/views/decorators/csrf.py", line 54, in wrapped_view
    return view_func(*args, **kwargs)
  File "/Users/evgeniyshamanin/PycharmProjects/pythonProject/venv/lib/python3.9/site-packages/rest_framework/viewsets.py", line 125, in view
    return self.dispatch(request, *args, **kwargs)
  File "/Users/evgeniyshamanin/PycharmProjects/pythonProject/venv/lib/python3.9/site-packages/rest_framework/views.py", line 509, in dispatch
    response = self.handle_exception(exc)
  File "/Users/evgeniyshamanin/PycharmProjects/pythonProject/venv/lib/python3.9/site-packages/rest_framework/views.py", line 469, in handle_exception
    self.raise_uncaught_exception(exc)
  File "/Users/evgeniyshamanin/PycharmProjects/pythonProject/venv/lib/python3.9/site-packages/rest_framework/views.py", line 480, in raise_uncaught_exception
    raise exc
  File "/Users/evgeniyshamanin/PycharmProjects/pythonProject/venv/lib/python3.9/site-packages/rest_framework/views.py", line 506, in dispatch
    response = handler(request, *args, **kwargs)
  File "/Users/evgeniyshamanin/PycharmProjects/pythonProject/todo_notes/main/views.py", line 77, in destroy
    'request': Request(request),
  File "/Users/evgeniyshamanin/PycharmProjects/pythonProject/venv/lib/python3.9/site-packages/rest_framework/request.py", line 154, in __init__
    assert isinstance(request, HttpRequest), (
AssertionError: The `request` argument must be an instance of `django.http.HttpRequest`, not `rest_framework.request.Request`.
2021-03-13 19:11:54,399 django.server ERROR    "DELETE /viewsets/todo/4/ HTTP/1.1" 500 98312
2021-03-13 19:12:57,386 django.utils.autoreload INFO     /Users/evgeniyshamanin/PycharmProjects/pythonProject/todo_notes/main/views.py changed, reloading.
2021-03-13 19:12:57,388 asyncio      DEBUG    Using selector: KqueueSelector
2021-03-13 19:12:58,761 django.utils.autoreload INFO     Watching for file changes with StatReloader
2021-03-13 19:14:33,208 django.utils.autoreload INFO     /Users/evgeniyshamanin/PycharmProjects/pythonProject/todo_notes/main/views.py changed, reloading.
2021-03-13 19:14:33,210 asyncio      DEBUG    Using selector: KqueueSelector
2021-03-13 19:14:34,213 django.utils.autoreload INFO     Watching for file changes with StatReloader
2021-03-13 19:14:48,417 django.utils.autoreload INFO     /Users/evgeniyshamanin/PycharmProjects/pythonProject/todo_notes/main/views.py changed, reloading.
2021-03-13 19:14:48,419 asyncio      DEBUG    Using selector: KqueueSelector
2021-03-13 19:14:49,418 django.utils.autoreload INFO     Watching for file changes with StatReloader
2021-03-13 19:15:01,048 django.server WARNING  "GET /static/rest_framework/css/bootstrap.min.css.map HTTP/1.1" 404 1746
2021-03-13 19:15:03,413 MARKDOWN     DEBUG    Successfully imported extension module "markdown.extensions.toc".
2021-03-13 19:15:03,414 MARKDOWN     DEBUG    Successfully loaded extension "markdown.extensions.toc.TocExtension".
2021-03-13 19:15:03,507 django.server INFO     "GET /viewsets/todo/ HTTP/1.1" 200 21578
2021-03-13 19:15:03,610 django.server WARNING  "GET /static/rest_framework/css/bootstrap.min.css.map HTTP/1.1" 404 1746
2021-03-13 19:15:26,452 MARKDOWN     DEBUG    Successfully imported extension module "markdown.extensions.toc".
2021-03-13 19:15:26,452 MARKDOWN     DEBUG    Successfully loaded extension "markdown.extensions.toc.TocExtension".
2021-03-13 19:15:26,519 django.server INFO     "GET /viewsets/todo/8/ HTTP/1.1" 200 13376
2021-03-13 19:15:26,629 django.server WARNING  "GET /static/rest_framework/css/bootstrap.min.css.map HTTP/1.1" 404 1746
2021-03-13 19:17:01,856 django.request ERROR    Internal Server Error: /viewsets/todo/8/
Traceback (most recent call last):
  File "/Users/evgeniyshamanin/PycharmProjects/pythonProject/venv/lib/python3.9/site-packages/django/core/handlers/exception.py", line 47, in inner
    response = get_response(request)
  File "/Users/evgeniyshamanin/PycharmProjects/pythonProject/venv/lib/python3.9/site-packages/django/core/handlers/base.py", line 181, in _get_response
    response = wrapped_callback(request, *callback_args, **callback_kwargs)
  File "/Users/evgeniyshamanin/PycharmProjects/pythonProject/venv/lib/python3.9/site-packages/django/views/decorators/csrf.py", line 54, in wrapped_view
    return view_func(*args, **kwargs)
  File "/Users/evgeniyshamanin/PycharmProjects/pythonProject/venv/lib/python3.9/site-packages/rest_framework/viewsets.py", line 125, in view
    return self.dispatch(request, *args, **kwargs)
  File "/Users/evgeniyshamanin/PycharmProjects/pythonProject/venv/lib/python3.9/site-packages/rest_framework/views.py", line 509, in dispatch
    response = self.handle_exception(exc)
  File "/Users/evgeniyshamanin/PycharmProjects/pythonProject/venv/lib/python3.9/site-packages/rest_framework/views.py", line 469, in handle_exception
    self.raise_uncaught_exception(exc)
  File "/Users/evgeniyshamanin/PycharmProjects/pythonProject/venv/lib/python3.9/site-packages/rest_framework/views.py", line 480, in raise_uncaught_exception
    raise exc
  File "/Users/evgeniyshamanin/PycharmProjects/pythonProject/venv/lib/python3.9/site-packages/rest_framework/views.py", line 506, in dispatch
    response = handler(request, *args, **kwargs)
  File "/Users/evgeniyshamanin/PycharmProjects/pythonProject/todo_notes/main/views.py", line 56, in update
    self.perform_update(serializer)
  File "/Users/evgeniyshamanin/PycharmProjects/pythonProject/todo_notes/main/views.py", line 66, in perform_update
    serializer.save()
  File "/Users/evgeniyshamanin/PycharmProjects/pythonProject/venv/lib/python3.9/site-packages/rest_framework/serializers.py", line 191, in save
    assert not hasattr(self, '_data'), (
AssertionError: You cannot call `.save()` after accessing `serializer.data`.If you need to access data before committing to the database then inspect 'serializer.validated_data' instead. 
2021-03-13 19:17:01,860 django.server ERROR    "PUT /viewsets/todo/8/ HTTP/1.1" 500 103456
2021-03-13 19:18:06,936 asyncio      DEBUG    Using selector: KqueueSelector
2021-03-13 19:18:07,109 asyncio      DEBUG    Using selector: KqueueSelector
2021-03-13 19:18:08,223 django.utils.autoreload INFO     Watching for file changes with StatReloader
2021-03-13 19:18:13,181 django.server WARNING  "GET /static/rest_framework/css/bootstrap.min.css.map HTTP/1.1" 404 1746
2021-03-13 19:18:16,524 MARKDOWN     DEBUG    Successfully imported extension module "markdown.extensions.toc".
2021-03-13 19:18:16,524 MARKDOWN     DEBUG    Successfully loaded extension "markdown.extensions.toc.TocExtension".
2021-03-13 19:18:16,569 django.server INFO     "GET /viewsets/todo/ HTTP/1.1" 200 21578
2021-03-13 19:18:16,649 django.server WARNING  "GET /static/rest_framework/css/bootstrap.min.css.map HTTP/1.1" 404 1746
2021-03-13 19:18:35,597 MARKDOWN     DEBUG    Successfully imported extension module "markdown.extensions.toc".
2021-03-13 19:18:35,597 MARKDOWN     DEBUG    Successfully loaded extension "markdown.extensions.toc.TocExtension".
2021-03-13 19:18:35,626 django.server INFO     "POST /viewsets/todo/ HTTP/1.1" 201 12119
2021-03-13 19:18:35,721 django.server WARNING  "GET /static/rest_framework/css/bootstrap.min.css.map HTTP/1.1" 404 1746
2021-03-13 19:18:45,848 MARKDOWN     DEBUG    Successfully imported extension module "markdown.extensions.toc".
2021-03-13 19:18:45,848 MARKDOWN     DEBUG    Successfully loaded extension "markdown.extensions.toc.TocExtension".
2021-03-13 19:18:45,881 django.server INFO     "GET /viewsets/todo/16/ HTTP/1.1" 200 13651
2021-03-13 19:18:45,973 django.server WARNING  "GET /static/rest_framework/css/bootstrap.min.css.map HTTP/1.1" 404 1746
2021-03-13 19:18:48,238 MARKDOWN     DEBUG    Successfully imported extension module "markdown.extensions.toc".
2021-03-13 19:18:48,238 MARKDOWN     DEBUG    Successfully loaded extension "markdown.extensions.toc.TocExtension".
2021-03-13 19:18:48,267 django.request WARNING  Bad Request: /viewsets/todo/16/
2021-03-13 19:18:48,267 django.server WARNING  "DELETE /viewsets/todo/16/ HTTP/1.1" 400 13022
2021-03-13 19:18:48,323 django.server WARNING  "GET /static/rest_framework/css/bootstrap.min.css.map HTTP/1.1" 404 1746
2021-03-13 19:19:03,096 MARKDOWN     DEBUG    Successfully imported extension module "markdown.extensions.toc".
2021-03-13 19:19:03,096 MARKDOWN     DEBUG    Successfully loaded extension "markdown.extensions.toc.TocExtension".
2021-03-13 19:19:03,146 django.server INFO     "GET /viewsets/todo/ HTTP/1.1" 200 22404
2021-03-13 19:19:03,235 django.server WARNING  "GET /static/rest_framework/css/bootstrap.min.css.map HTTP/1.1" 404 1746
2021-03-13 19:21:29,463 django.utils.autoreload INFO     /Users/evgeniyshamanin/PycharmProjects/pythonProject/todo_notes/main/views.py changed, reloading.
2021-03-13 19:21:29,463 asyncio      DEBUG    Using selector: KqueueSelector
2021-03-13 19:21:30,059 django.utils.autoreload INFO     Watching for file changes with StatReloader
2021-03-13 19:22:00,661 MARKDOWN     DEBUG    Successfully imported extension module "markdown.extensions.toc".
2021-03-13 19:22:00,661 MARKDOWN     DEBUG    Successfully loaded extension "markdown.extensions.toc.TocExtension".
2021-03-13 19:22:00,699 django.server INFO     "POST /viewsets/todo/ HTTP/1.1" 201 12105
2021-03-13 19:22:00,773 django.server WARNING  "GET /static/rest_framework/css/bootstrap.min.css.map HTTP/1.1" 404 1746
2021-03-13 19:22:10,093 MARKDOWN     DEBUG    Successfully imported extension module "markdown.extensions.toc".
2021-03-13 19:22:10,093 MARKDOWN     DEBUG    Successfully loaded extension "markdown.extensions.toc.TocExtension".
2021-03-13 19:22:10,123 django.server INFO     "GET /viewsets/todo/17/ HTTP/1.1" 200 13630
2021-03-13 19:22:10,194 django.server WARNING  "GET /static/rest_framework/css/bootstrap.min.css.map HTTP/1.1" 404 1746
2021-03-13 19:22:21,179 MARKDOWN     DEBUG    Successfully imported extension module "markdown.extensions.toc".
2021-03-13 19:22:21,179 MARKDOWN     DEBUG    Successfully loaded extension "markdown.extensions.toc.TocExtension".
2021-03-13 19:22:21,207 django.request WARNING  Bad Request: /viewsets/todo/17/
2021-03-13 19:22:21,208 django.server WARNING  "DELETE /viewsets/todo/17/ HTTP/1.1" 400 13008
2021-03-13 19:22:21,264 django.server WARNING  "GET /static/rest_framework/css/bootstrap.min.css.map HTTP/1.1" 404 1746
2021-03-13 19:25:06,652 django.utils.autoreload INFO     /Users/evgeniyshamanin/PycharmProjects/pythonProject/todo_notes/main/views.py changed, reloading.
2021-03-13 19:25:06,653 asyncio      DEBUG    Using selector: KqueueSelector
2021-03-13 19:25:07,096 django.utils.autoreload INFO     Watching for file changes with StatReloader
2021-03-13 19:25:15,067 MARKDOWN     DEBUG    Successfully imported extension module "markdown.extensions.toc".
2021-03-13 19:25:15,067 MARKDOWN     DEBUG    Successfully loaded extension "markdown.extensions.toc.TocExtension".
2021-03-13 19:25:15,120 django.server INFO     "GET /viewsets/todo/ HTTP/1.1" 200 23223
2021-03-13 19:25:15,188 django.server WARNING  "GET /static/rest_framework/css/bootstrap.min.css.map HTTP/1.1" 404 1746
2021-03-13 19:25:19,019 MARKDOWN     DEBUG    Successfully imported extension module "markdown.extensions.toc".
2021-03-13 19:25:19,019 MARKDOWN     DEBUG    Successfully loaded extension "markdown.extensions.toc.TocExtension".
2021-03-13 19:25:19,050 django.server INFO     "GET /custom/todo/4/ HTTP/1.1" 200 13699
2021-03-13 19:25:19,115 django.server WARNING  "GET /static/rest_framework/css/bootstrap.min.css.map HTTP/1.1" 404 1746
2021-03-13 19:25:22,110 MARKDOWN     DEBUG    Successfully imported extension module "markdown.extensions.toc".
2021-03-13 19:25:22,110 MARKDOWN     DEBUG    Successfully loaded extension "markdown.extensions.toc.TocExtension".
2021-03-13 19:25:22,138 django.server INFO     "PUT /custom/todo/4/ HTTP/1.1" 200 13704
2021-03-13 19:25:22,195 django.server WARNING  "GET /static/rest_framework/css/bootstrap.min.css.map HTTP/1.1" 404 1746
2021-03-13 19:25:24,583 MARKDOWN     DEBUG    Successfully imported extension module "markdown.extensions.toc".
2021-03-13 19:25:24,584 MARKDOWN     DEBUG    Successfully loaded extension "markdown.extensions.toc.TocExtension".
2021-03-13 19:25:24,627 django.server INFO     "GET /custom/todo/ HTTP/1.1" 200 23202
2021-03-13 19:25:24,711 django.server WARNING  "GET /static/rest_framework/css/bootstrap.min.css.map HTTP/1.1" 404 1746
2021-03-13 19:25:27,410 MARKDOWN     DEBUG    Successfully imported extension module "markdown.extensions.toc".
2021-03-13 19:25:27,410 MARKDOWN     DEBUG    Successfully loaded extension "markdown.extensions.toc.TocExtension".
2021-03-13 19:25:27,439 django.server INFO     "GET /custom/todo/5/ HTTP/1.1" 200 13666
2021-03-13 19:25:27,522 django.server WARNING  "GET /static/rest_framework/css/bootstrap.min.css.map HTTP/1.1" 404 1746
2021-03-13 19:25:29,937 MARKDOWN     DEBUG    Successfully imported extension module "markdown.extensions.toc".
2021-03-13 19:25:29,938 MARKDOWN     DEBUG    Successfully loaded extension "markdown.extensions.toc.TocExtension".
2021-03-13 19:25:29,967 django.server INFO     "PUT /custom/todo/5/ HTTP/1.1" 200 13671
2021-03-13 19:25:30,038 django.server WARNING  "GET /static/rest_framework/css/bootstrap.min.css.map HTTP/1.1" 404 1746
2021-03-13 19:25:35,203 MARKDOWN     DEBUG    Successfully imported extension module "markdown.extensions.toc".
2021-03-13 19:25:35,203 MARKDOWN     DEBUG    Successfully loaded extension "markdown.extensions.toc.TocExtension".
2021-03-13 19:25:35,248 django.server INFO     "GET /custom/todo/ HTTP/1.1" 200 23201
2021-03-13 19:25:35,323 django.server WARNING  "GET /static/rest_framework/css/bootstrap.min.css.map HTTP/1.1" 404 1746
2021-03-13 19:25:45,244 django.request WARNING  Not Found: /views/todo/4/
2021-03-13 19:25:45,244 django.server WARNING  "GET /views/todo/4/ HTTP/1.1" 404 3057
2021-03-13 19:25:56,273 MARKDOWN     DEBUG    Successfully imported extension module "markdown.extensions.toc".
2021-03-13 19:25:56,273 MARKDOWN     DEBUG    Successfully loaded extension "markdown.extensions.toc.TocExtension".
2021-03-13 19:25:56,304 django.server INFO     "GET /viewsets/todo/4/ HTTP/1.1" 200 13728
2021-03-13 19:25:56,402 django.server WARNING  "GET /static/rest_framework/css/bootstrap.min.css.map HTTP/1.1" 404 1746
2021-03-13 19:26:00,685 MARKDOWN     DEBUG    Successfully imported extension module "markdown.extensions.toc".
2021-03-13 19:26:00,685 MARKDOWN     DEBUG    Successfully loaded extension "markdown.extensions.toc.TocExtension".
2021-03-13 19:26:00,713 django.request WARNING  Bad Request: /viewsets/todo/4/
2021-03-13 19:26:00,713 django.server WARNING  "DELETE /viewsets/todo/4/ HTTP/1.1" 400 13071
2021-03-13 19:26:00,780 django.server WARNING  "GET /static/rest_framework/css/bootstrap.min.css.map HTTP/1.1" 404 1746
2021-03-13 19:28:35,502 django.utils.autoreload INFO     /Users/evgeniyshamanin/PycharmProjects/pythonProject/todo_notes/main/views.py changed, reloading.
2021-03-13 19:28:35,503 asyncio      DEBUG    Using selector: KqueueSelector
2021-03-13 19:28:35,982 django.utils.autoreload INFO     Watching for file changes with StatReloader
2021-03-13 19:28:48,035 MARKDOWN     DEBUG    Successfully imported extension module "markdown.extensions.toc".
2021-03-13 19:28:48,035 MARKDOWN     DEBUG    Successfully loaded extension "markdown.extensions.toc.TocExtension".
2021-03-13 19:28:48,067 django.server INFO     "PUT /viewsets/todo/4/ HTTP/1.1" 200 13728
2021-03-13 19:28:48,131 django.server WARNING  "GET /static/rest_framework/css/bootstrap.min.css.map HTTP/1.1" 404 1746
2021-03-13 19:28:53,289 MARKDOWN     DEBUG    Successfully imported extension module "markdown.extensions.toc".
2021-03-13 19:28:53,289 MARKDOWN     DEBUG    Successfully loaded extension "markdown.extensions.toc.TocExtension".
2021-03-13 19:28:53,335 django.server INFO     "GET /viewsets/todo/ HTTP/1.1" 200 23221
2021-03-13 19:28:53,418 django.server WARNING  "GET /static/rest_framework/css/bootstrap.min.css.map HTTP/1.1" 404 1746
2021-03-13 19:28:59,831 MARKDOWN     DEBUG    Successfully imported extension module "markdown.extensions.toc".
2021-03-13 19:28:59,832 MARKDOWN     DEBUG    Successfully loaded extension "markdown.extensions.toc.TocExtension".
2021-03-13 19:28:59,863 django.server INFO     "GET /viewsets/todo/4/ HTTP/1.1" 200 13728
2021-03-13 19:28:59,974 django.server WARNING  "GET /static/rest_framework/css/bootstrap.min.css.map HTTP/1.1" 404 1746
2021-03-13 19:29:02,492 MARKDOWN     DEBUG    Successfully imported extension module "markdown.extensions.toc".
2021-03-13 19:29:02,492 MARKDOWN     DEBUG    Successfully loaded extension "markdown.extensions.toc.TocExtension".
2021-03-13 19:29:02,521 django.request WARNING  Bad Request: /viewsets/todo/4/
2021-03-13 19:29:02,522 django.server WARNING  "DELETE /viewsets/todo/4/ HTTP/1.1" 400 13077
2021-03-13 19:29:02,575 django.server WARNING  "GET /static/rest_framework/css/bootstrap.min.css.map HTTP/1.1" 404 1746
2021-03-13 19:29:18,017 asyncio      DEBUG    Using selector: KqueueSelector
2021-03-13 19:29:18,141 asyncio      DEBUG    Using selector: KqueueSelector
2021-03-13 19:29:20,669 django.utils.autoreload INFO     Watching for file changes with StatReloader
2021-03-13 19:29:23,605 MARKDOWN     DEBUG    Successfully imported extension module "markdown.extensions.toc".
2021-03-13 19:29:23,606 MARKDOWN     DEBUG    Successfully loaded extension "markdown.extensions.toc.TocExtension".
2021-03-13 19:29:23,705 django.server INFO     "GET /viewsets/todo/ HTTP/1.1" 200 23221
2021-03-13 19:29:23,801 django.server WARNING  "GET /static/rest_framework/css/bootstrap.min.css.map HTTP/1.1" 404 1746
2021-03-13 19:29:29,322 MARKDOWN     DEBUG    Successfully imported extension module "markdown.extensions.toc".
2021-03-13 19:29:29,322 MARKDOWN     DEBUG    Successfully loaded extension "markdown.extensions.toc.TocExtension".
2021-03-13 19:29:29,390 django.server INFO     "GET /viewsets/todo/4/ HTTP/1.1" 200 13728
2021-03-13 19:29:29,478 django.server WARNING  "GET /static/rest_framework/css/bootstrap.min.css.map HTTP/1.1" 404 1746
2021-03-13 19:30:57,792 MARKDOWN     DEBUG    Successfully imported extension module "markdown.extensions.toc".
2021-03-13 19:30:57,793 MARKDOWN     DEBUG    Successfully loaded extension "markdown.extensions.toc.TocExtension".
2021-03-13 19:30:57,867 django.request WARNING  Bad Request: /viewsets/todo/4/
2021-03-13 19:30:57,868 django.server WARNING  "DELETE /viewsets/todo/4/ HTTP/1.1" 400 13077
2021-03-13 19:30:57,936 django.server WARNING  "GET /static/rest_framework/css/bootstrap.min.css.map HTTP/1.1" 404 1746
2021-03-13 19:31:55,817 django.utils.autoreload INFO     /Users/evgeniyshamanin/PycharmProjects/pythonProject/todo_notes/main/views.py changed, reloading.
2021-03-13 19:31:55,818 asyncio      DEBUG    Using selector: KqueueSelector
2021-03-13 19:31:56,878 django.utils.autoreload INFO     Watching for file changes with StatReloader
2021-03-13 19:31:59,098 asyncio      DEBUG    Using selector: KqueueSelector
2021-03-13 19:31:59,221 asyncio      DEBUG    Using selector: KqueueSelector
2021-03-13 19:32:00,513 django.utils.autoreload INFO     Watching for file changes with StatReloader
2021-03-13 19:32:07,905 MARKDOWN     DEBUG    Successfully imported extension module "markdown.extensions.toc".
2021-03-13 19:32:07,906 MARKDOWN     DEBUG    Successfully loaded extension "markdown.extensions.toc.TocExtension".
2021-03-13 19:32:07,961 django.server INFO     "GET /viewsets/todo/ HTTP/1.1" 200 23221
2021-03-13 19:32:08,043 django.server WARNING  "GET /static/rest_framework/css/bootstrap.min.css.map HTTP/1.1" 404 1746
2021-03-13 19:32:15,546 MARKDOWN     DEBUG    Successfully imported extension module "markdown.extensions.toc".
2021-03-13 19:32:15,546 MARKDOWN     DEBUG    Successfully loaded extension "markdown.extensions.toc.TocExtension".
2021-03-13 19:32:15,582 django.server INFO     "GET /viewsets/todo/4/ HTTP/1.1" 200 13728
2021-03-13 19:32:15,665 django.server WARNING  "GET /static/rest_framework/css/bootstrap.min.css.map HTTP/1.1" 404 1746
2021-03-13 19:32:19,382 MARKDOWN     DEBUG    Successfully imported extension module "markdown.extensions.toc".
2021-03-13 19:32:19,382 MARKDOWN     DEBUG    Successfully loaded extension "markdown.extensions.toc.TocExtension".
2021-03-13 19:32:19,410 django.server INFO     "DELETE /viewsets/todo/4/ HTTP/1.1" 200 12523
2021-03-13 19:32:19,460 django.server WARNING  "GET /static/rest_framework/css/bootstrap.min.css.map HTTP/1.1" 404 1746
2021-03-13 19:32:26,326 MARKDOWN     DEBUG    Successfully imported extension module "markdown.extensions.toc".
2021-03-13 19:32:26,326 MARKDOWN     DEBUG    Successfully loaded extension "markdown.extensions.toc.TocExtension".
2021-03-13 19:32:26,371 django.server INFO     "GET /viewsets/todo/ HTTP/1.1" 200 23222
2021-03-13 19:32:26,441 django.server WARNING  "GET /static/rest_framework/css/bootstrap.min.css.map HTTP/1.1" 404 1746
2021-03-13 19:32:48,319 django.utils.autoreload INFO     /Users/evgeniyshamanin/PycharmProjects/pythonProject/todo_notes/main/views.py changed, reloading.
2021-03-13 19:32:48,320 asyncio      DEBUG    Using selector: KqueueSelector
2021-03-13 19:32:48,772 django.utils.autoreload INFO     Watching for file changes with StatReloader
2021-03-13 19:33:10,882 django.utils.autoreload INFO     /Users/evgeniyshamanin/PycharmProjects/pythonProject/todo_notes/main/views.py changed, reloading.
2021-03-13 19:33:10,882 asyncio      DEBUG    Using selector: KqueueSelector
2021-03-13 19:33:11,358 django.utils.autoreload INFO     Watching for file changes with StatReloader
2021-03-13 19:33:28,092 django.utils.autoreload INFO     /Users/evgeniyshamanin/PycharmProjects/pythonProject/todo_notes/todo_notes/urls.py changed, reloading.
2021-03-13 19:33:28,093 asyncio      DEBUG    Using selector: KqueueSelector
2021-03-13 19:33:28,459 django.utils.autoreload INFO     Watching for file changes with StatReloader
2021-03-13 19:34:06,795 django.utils.autoreload INFO     /Users/evgeniyshamanin/PycharmProjects/pythonProject/todo_notes/todo_notes/urls.py changed, reloading.
2021-03-13 19:34:06,795 asyncio      DEBUG    Using selector: KqueueSelector
2021-03-13 19:34:07,192 django.utils.autoreload INFO     Watching for file changes with StatReloader
2021-03-13 19:34:29,886 MARKDOWN     DEBUG    Successfully imported extension module "markdown.extensions.toc".
2021-03-13 19:34:29,886 MARKDOWN     DEBUG    Successfully loaded extension "markdown.extensions.toc.TocExtension".
2021-03-13 19:34:29,932 django.server INFO     "GET /viewsets/todo/ HTTP/1.1" 200 23222
2021-03-13 19:34:30,007 django.server WARNING  "GET /static/rest_framework/css/bootstrap.min.css.map HTTP/1.1" 404 1746
2021-03-13 19:34:36,947 MARKDOWN     DEBUG    Successfully imported extension module "markdown.extensions.toc".
2021-03-13 19:34:36,947 MARKDOWN     DEBUG    Successfully loaded extension "markdown.extensions.toc.TocExtension".
2021-03-13 19:34:36,981 django.server INFO     "GET /viewsets/todo/4/ HTTP/1.1" 200 13723
2021-03-13 19:34:37,064 django.server WARNING  "GET /static/rest_framework/css/bootstrap.min.css.map HTTP/1.1" 404 1746
2021-03-13 19:34:39,717 MARKDOWN     DEBUG    Successfully imported extension module "markdown.extensions.toc".
2021-03-13 19:34:39,717 MARKDOWN     DEBUG    Successfully loaded extension "markdown.extensions.toc.TocExtension".
2021-03-13 19:34:39,744 django.server INFO     "PUT /viewsets/todo/4/ HTTP/1.1" 200 13728
2021-03-13 19:34:39,805 django.server WARNING  "GET /static/rest_framework/css/bootstrap.min.css.map HTTP/1.1" 404 1746
2021-03-13 19:34:47,116 MARKDOWN     DEBUG    Successfully imported extension module "markdown.extensions.toc".
2021-03-13 19:34:47,116 MARKDOWN     DEBUG    Successfully loaded extension "markdown.extensions.toc.TocExtension".
2021-03-13 19:34:47,159 django.server INFO     "GET /viewsets/todo/ HTTP/1.1" 200 23221
2021-03-13 19:34:47,252 django.server WARNING  "GET /static/rest_framework/css/bootstrap.min.css.map HTTP/1.1" 404 1746
2021-03-13 19:35:00,105 MARKDOWN     DEBUG    Successfully imported extension module "markdown.extensions.toc".
2021-03-13 19:35:00,106 MARKDOWN     DEBUG    Successfully loaded extension "markdown.extensions.toc.TocExtension".
2021-03-13 19:35:00,136 django.server INFO     "GET /viewsets/todo/7/ HTTP/1.1" 200 13424
2021-03-13 19:35:00,235 django.server WARNING  "GET /static/rest_framework/css/bootstrap.min.css.map HTTP/1.1" 404 1746
2021-03-13 19:35:05,492 MARKDOWN     DEBUG    Successfully imported extension module "markdown.extensions.toc".
2021-03-13 19:35:05,492 MARKDOWN     DEBUG    Successfully loaded extension "markdown.extensions.toc.TocExtension".
2021-03-13 19:35:05,523 django.server INFO     "PUT /viewsets/todo/7/ HTTP/1.1" 200 13695
2021-03-13 19:35:05,585 django.server WARNING  "GET /static/rest_framework/css/bootstrap.min.css.map HTTP/1.1" 404 1746
2021-03-13 19:35:11,628 MARKDOWN     DEBUG    Successfully imported extension module "markdown.extensions.toc".
2021-03-13 19:35:11,628 MARKDOWN     DEBUG    Successfully loaded extension "markdown.extensions.toc.TocExtension".
2021-03-13 19:35:11,672 django.server INFO     "GET /viewsets/todo/ HTTP/1.1" 200 23409
2021-03-13 19:35:11,777 django.server WARNING  "GET /static/rest_framework/css/bootstrap.min.css.map HTTP/1.1" 404 1746
2021-03-13 19:35:23,157 MARKDOWN     DEBUG    Successfully imported extension module "markdown.extensions.toc".
2021-03-13 19:35:23,157 MARKDOWN     DEBUG    Successfully loaded extension "markdown.extensions.toc.TocExtension".
2021-03-13 19:35:23,191 django.server INFO     "GET /viewsets/todo/8/ HTTP/1.1" 200 13376
2021-03-13 19:35:23,275 django.server WARNING  "GET /static/rest_framework/css/bootstrap.min.css.map HTTP/1.1" 404 1746
2021-03-13 19:35:26,720 MARKDOWN     DEBUG    Successfully imported extension module "markdown.extensions.toc".
2021-03-13 19:35:26,721 MARKDOWN     DEBUG    Successfully loaded extension "markdown.extensions.toc.TocExtension".
2021-03-13 19:35:26,748 django.server INFO     "PUT /viewsets/todo/8/ HTTP/1.1" 200 13647
2021-03-13 19:35:26,823 django.server WARNING  "GET /static/rest_framework/css/bootstrap.min.css.map HTTP/1.1" 404 1746
2021-03-13 19:35:33,499 MARKDOWN     DEBUG    Successfully imported extension module "markdown.extensions.toc".
2021-03-13 19:35:33,499 MARKDOWN     DEBUG    Successfully loaded extension "markdown.extensions.toc.TocExtension".
2021-03-13 19:35:33,530 django.server INFO     "DELETE /viewsets/todo/8/ HTTP/1.1" 200 12523
2021-03-13 19:35:33,591 django.server WARNING  "GET /static/rest_framework/css/bootstrap.min.css.map HTTP/1.1" 404 1746
2021-03-13 19:35:39,360 MARKDOWN     DEBUG    Successfully imported extension module "markdown.extensions.toc".
2021-03-13 19:35:39,360 MARKDOWN     DEBUG    Successfully loaded extension "markdown.extensions.toc.TocExtension".
2021-03-13 19:35:39,390 django.server INFO     "GET /viewsets/todo/8/ HTTP/1.1" 200 13642
2021-03-13 19:35:39,466 django.server WARNING  "GET /static/rest_framework/css/bootstrap.min.css.map HTTP/1.1" 404 1746
2021-03-13 19:35:52,408 asyncio      DEBUG    Using selector: KqueueSelector
2021-03-13 19:35:52,530 asyncio      DEBUG    Using selector: KqueueSelector
